<?xml version='1.0' encoding='UTF-8'?>
<testsuite hostname="szdn-2024NAUJRE" name="BasicFUTest" tests="1" errors="0" failures="0" skipped="0" time="15.229" timestamp="2024-09-16T11:11:58">
          <properties>
      <property name="jline.esc.timeout" value="0"/><property name="java.runtime.name" value="Java(TM) SE Runtime Environment"/><property name="sun.boot.library.path" value="C:\Program Files\Java\jre-1.8\bin"/><property name="java.vm.version" value="25.411-b09"/><property name="java.vm.vendor" value="Oracle Corporation"/><property name="java.vendor.url" value="http://java.oracle.com/"/><property name="path.separator" value=";"/><property name="jna.loaded" value="true"/><property name="java.vm.name" value="Java HotSpot(TM) 64-Bit Server VM"/><property name="file.encoding.pkg" value="sun.io"/><property name="user.country" value="CN"/><property name="user.script" value=""/><property name="sun.java.launcher" value="SUN_STANDARD"/><property name="sun.os.patch.level" value=""/><property name="jna.nosys" value="true"/><property name="java.vm.specification.name" value="Java Virtual Machine Specification"/><property name="user.dir" value="D:\FPGA\scalaCNN"/><property name="java.runtime.version" value="1.8.0_411-b09"/><property name="java.awt.graphicsenv" value="sun.awt.Win32GraphicsEnvironment"/><property name="java.endorsed.dirs" value="C:\Program Files\Java\jre-1.8\lib\endorsed"/><property name="os.arch" value="amd64"/><property name="java.io.tmpdir" value="C:\Users\Admin\AppData\Local\Temp\"/><property name="line.separator" value="
"/><property name="java.vm.specification.vendor" value="Oracle Corporation"/><property name="log4j.ignoreTCL" value="true"/><property name="user.variant" value=""/><property name="os.name" value="Windows 10"/><property name="sun.jnu.encoding" value="GBK"/><property name="jnidispatch.path" value="C:\Users\Admin\AppData\Local\Temp\jna-63116079\jna7762702415963139650.dll"/><property name="java.library.path" value="C:\Program Files\Java\jre-1.8\bin;C:\Windows\Sun\Java\bin;C:\Windows\system32;C:\Windows;C:\Program Files (x86)\Common Files\Oracle\Java\java8path;C:\Program Files (x86)\Common Files\Oracle\Java\javapath;C:\Windows\system32;C:\Windows;C:\Windows\System32\Wbem;C:\Windows\System32\WindowsPowerShell\v1.0\;C:\Windows\System32\OpenSSH\;C:\Program Files (x86)\NVIDIA Corporation\PhysX\Common;C:\Program Files (x86)\Windows Kits\10\Windows Performance Toolkit\;C:\Users\Admin\AppData\Local\Programs\Python\Python38\Scripts\;C:\Users\Admin\AppData\Local\Programs\Python\Python38\;C:\Users\Admin\AppData\Local\Microsoft\WindowsApps;C:\Program Files\Bandizip\;C:\Users\Admin\AppData\Local\Coursier\data\bin;D:\vscode\Microsoft VS Code\bin;D:\mingw\bin;D:\intelFPGA\18.0\modelsim_ase\win32aloem;D:\intelFPGA\18.0\hld\board\s5_ref\windows64\bin;D:\intelFPGA\18.0\hld\bin;D:\intelFPGA\18.0\hld\host\windows64\bin;D:\intelFPGA\18.0\hld\board\s5_ref\tests\extlibs\bin;;."/><property name="java.specification.name" value="Java Platform API Specification"/><property name="java.class.version" value="52.0"/><property name="sbt.ipcsocket.tmpdir" value="C:\Users\Admin\AppData\Local\Temp\.sbt4779a38a\ipcsocket"/><property name="sun.management.compiler" value="HotSpot 64-Bit Tiered Compilers"/><property name="os.version" value="10.0"/><property name="swoval.tmpdir" value="C:\Users\Admin\AppData\Local\Temp\.sbt4779a38a\swoval"/><property name="user.home" value="C:\Users\Admin"/><property name="user.timezone" value="Asia/Shanghai"/><property name="java.awt.printerjob" value="sun.awt.windows.WPrinterJob"/><property name="file.encoding" value="UTF-8"/><property name="java.specification.version" value="1.8"/><property name="java.class.path" value="C:\Users\Admin\AppData\Local\Coursier\cache\arc\https\github.com\sbt\sbt\releases\download\v1.10.1\sbt-1.10.1.zip\sbt\bin\sbt-launch.jar"/><property name="user.name" value="Admin"/><property name="jline.shutdownhook" value="false"/><property name="java.vm.specification.version" value="1.8"/><property name="sun.java.command" value="xsbt.boot.Boot test"/><property name="java.home" value="C:\Program Files\Java\jre-1.8"/><property name="sun.arch.data.model" value="64"/><property name="user.language" value="zh"/><property name="java.specification.vendor" value="Oracle Corporation"/><property name="awt.toolkit" value="sun.awt.windows.WToolkit"/><property name="java.vm.info" value="mixed mode"/><property name="java.version" value="1.8.0_411"/><property name="java.ext.dirs" value="C:\Program Files\Java\jre-1.8\lib\ext;C:\Windows\Sun\Java\lib\ext"/><property name="sun.boot.class.path" value="C:\Program Files\Java\jre-1.8\lib\resources.jar;C:\Program Files\Java\jre-1.8\lib\rt.jar;C:\Program Files\Java\jre-1.8\lib\jsse.jar;C:\Program Files\Java\jre-1.8\lib\jce.jar;C:\Program Files\Java\jre-1.8\lib\charsets.jar;C:\Program Files\Java\jre-1.8\lib\jfr.jar;C:\Program Files\Java\jre-1.8\classes"/><property name="java.vendor" value="Oracle Corporation"/><property name="sun.stderr.encoding" value="ms936"/><property name="java.specification.maintenance.version" value="5"/><property name="file.separator" value="\"/><property name="java.vendor.url.bug" value="http://bugreport.sun.com/bugreport/"/><property name="sun.io.unicode.encoding" value="UnicodeLittle"/><property name="sun.cpu.endian" value="little"/><property name="sun.stdout.encoding" value="ms936"/><property name="sun.desktop" value="windows"/><property name="sun.cpu.isalist" value="amd64"/>
    </properties>
          <testcase classname="BasicFUTest" name=" should" time="15.229">
                      
                    </testcase>
          <system-out><![CDATA[]]></system-out>
          <system-err><![CDATA[]]></system-err>
        </testsuite>