<?xml version='1.0' encoding='UTF-8'?>
<testsuite hostname="szdn-2024NAUJRE" name="FPUMULTest" tests="1" errors="0" failures="0" skipped="0" time="5.7" timestamp="2024-11-05T22:50:06">
          <properties>
      <property name="java.specification.version" value="17"/><property name="sun.cpu.isalist" value="amd64"/><property name="sun.jnu.encoding" value="GBK"/><property name="sun.arch.data.model" value="64"/><property name="java.vendor.url" value="https://openlogic.com/"/><property name="sun.boot.library.path" value="D:\scala\openlogic-openjdk-17.0.12+7-windows-x64\bin"/><property name="sun.java.command" value="xsbt.boot.Boot testOnly FPUMULTest"/><property name="jdk.debug" value="release"/><property name="sun.stderr.encoding" value="ms936"/><property name="java.specification.vendor" value="Oracle Corporation"/><property name="java.version.date" value="2024-07-16"/><property name="java.home" value="D:\scala\openlogic-openjdk-17.0.12+7-windows-x64"/><property name="file.separator" value="\"/><property name="java.vm.compressedOopsMode" value="32-bit"/><property name="line.separator" value="
"/><property name="sun.stdout.encoding" value="ms936"/><property name="java.vm.specification.vendor" value="Oracle Corporation"/><property name="java.specification.name" value="Java Platform API Specification"/><property name="user.script" value=""/><property name="sun.management.compiler" value="HotSpot 64-Bit Tiered Compilers"/><property name="java.runtime.version" value="17.0.12+7-adhoc..jdk17u"/><property name="user.name" value="Admin"/><property name="log4j.ignoreTCL" value="true"/><property name="file.encoding" value="UTF-8"/><property name="jnidispatch.path" value="C:\Users\Admin\AppData\Local\Temp\jna-63116079\jna60506070722622678.dll"/><property name="java.vendor.version" value="OpenLogic-OpenJDK"/><property name="jna.loaded" value="true"/><property name="java.io.tmpdir" value="C:\Users\Admin\AppData\Local\Temp\"/><property name="java.version" value="17.0.12"/><property name="java.vm.specification.name" value="Java Virtual Machine Specification"/><property name="sun.os.patch.level" value=""/><property name="native.encoding" value="GBK"/><property name="java.library.path" value="D:\scala\openlogic-openjdk-17.0.12+7-windows-x64\bin;C:\Windows\Sun\Java\bin;C:\Windows\system32;C:\Windows;D:\scala\openlogic-openjdk-17.0.12+7-windows-x64\bin;C:\Program Files (x86)\VMware\VMware Workstation\bin\;D:\scala\openlogic-openjdk-17.0.12+7-windows-x64\bin;C:\Program Files (x86)\Common Files\Oracle\Java\java8path;C:\Program Files (x86)\Common Files\Oracle\Java\javapath;C:\Windows\system32;C:\Windows;C:\Windows\System32\Wbem;C:\Windows\System32\WindowsPowerShell\v1.0\;C:\Windows\System32\OpenSSH\;C:\Program Files (x86)\NVIDIA Corporation\PhysX\Common;C:\Program Files (x86)\Windows Kits\10\Windows Performance Toolkit\;C:\Program Files (x86)\Pulse Secure\VC142.CRT\X64\;C:\Program Files (x86)\Pulse Secure\VC142.CRT\X86\;C:\Program Files (x86)\Common Files\Pulse Secure\TNC Client Plugin\;D:\cmake\bin;E:\Git\cmd;C:\Users\Admin\AppData\Local\Programs\Python\Python38\Scripts\;C:\Users\Admin\AppData\Local\Programs\Python\Python38\;C:\Users\Admin\AppData\Local\Microsoft\WindowsApps;C:\Program Files\Bandizip\;C:\Users\Admin\AppData\Local\Coursier\data\bin;D:\vscode\Microsoft VS Code\bin;D:\mingw\bin;D:\intelFPGA\18.0\modelsim_ase\win32aloem;D:\intelFPGA\18.0\hld\board\s5_ref\windows64\bin;D:\intelFPGA\18.0\hld\bin;D:\intelFPGA\18.0\hld\host\windows64\bin;D:\intelFPGA\18.0\hld\board\s5_ref\tests\extlibs\bin;D:\iverilog\iverilog\bin;D:\iverilog\iverilog\gtkwave\bin;E:\bison\GnuWin32\bin;D:\scala\openlogic-openjdk-17.0.12+7-windows-x64\bin;D:\questasim64_2021.1\win64;D:\pycharm\PyCharm Community Edition 2024.2.3\bin;;D:\mingw\msys\1.0\bin;D:\StandardCompiler\p16ecc\p16ecc\bin;D:\Anlogic\TD_5.6.3_Release_88.061\bin\;E:\Anlogic\TD_5.9.1_DR1_2024.7_122.301\bin\;E:\Anlogic\TD_6.0.2_PHX_Release_117.864\bin\;."/><property name="java.vendor" value="OpenLogic"/><property name="scala.ext.dirs" value="C:\Users\Admin\.sbt\1.0\java9-rt-ext-openlogic_17_0_12"/><property name="sun.io.unicode.encoding" value="UnicodeLittle"/><property name="java.class.path" value="C:\Users\Admin\AppData\Local\Coursier\cache\arc\https\github.com\sbt\sbt\releases\download\v1.10.1\sbt-1.10.1.zip\sbt\bin\sbt-launch.jar"/><property name="java.vm.vendor" value="OpenLogic"/><property name="user.variant" value=""/><property name="jline.shutdownhook" value="false"/><property name="user.timezone" value="Asia/Shanghai"/><property name="java.vm.specification.version" value="17"/><property name="os.name" value="Windows 10"/><property name="sun.java.launcher" value="SUN_STANDARD"/><property name="user.country" value="CN"/><property name="sun.cpu.endian" value="little"/><property name="user.home" value="C:\Users\Admin"/><property name="user.language" value="zh"/><property name="sbt.ipcsocket.tmpdir" value="C:\Users\Admin\AppData\Local\Temp\.sbt4779a38a\ipcsocket"/><property name="swoval.tmpdir" value="C:\Users\Admin\AppData\Local\Temp\.sbt4779a38a\swoval"/><property name="jline.esc.timeout" value="0"/><property name="path.separator" value=";"/><property name="os.version" value="10.0"/><property name="jna.nosys" value="true"/><property name="java.runtime.name" value="OpenJDK Runtime Environment"/><property name="java.vm.name" value="OpenJDK 64-Bit Server VM"/><property name="java.vendor.url.bug" value="https://techsupport.roguewave.com/"/><property name="user.dir" value="D:\scalaCNN"/><property name="os.arch" value="amd64"/><property name="java.vm.info" value="mixed mode, sharing"/><property name="java.vm.version" value="17.0.12+7-adhoc..jdk17u"/><property name="java.class.version" value="61.0"/>
    </properties>
          <testcase classname="FPUMULTest" name=" should" time="5.7">
                      
                    </testcase>
          <system-out><![CDATA[]]></system-out>
          <system-err><![CDATA[]]></system-err>
        </testsuite>